<?xml version="1.0" encoding="UTF-8" ?>
<testsuite tests="1" failures="1" name="TestSuite" time="1.818" errors="0" skipped="0">
  <properties>
    <property name="java.runtime.name" value="OpenJDK Runtime Environment"/>
    <property name="java.vm.version" value="13+33"/>
    <property name="sun.boot.library.path" value="C:\Users\pablo\java\jdk-13\bin"/>
    <property name="maven.multiModuleProjectDirectory" value="C:\Users\pablo\eclipse-workspace\Automation1"/>
    <property name="java.vm.vendor" value="Oracle Corporation"/>
    <property name="java.vendor.url" value="https://java.oracle.com/"/>
    <property name="guice.disable.misplaced.annotation.check" value="true"/>
    <property name="path.separator" value=";"/>
    <property name="java.vm.name" value="OpenJDK 64-Bit Server VM"/>
    <property name="sun.os.patch.level" value=""/>
    <property name="user.script" value=""/>
    <property name="user.country" value="AR"/>
    <property name="sun.java.launcher" value="SUN_STANDARD"/>
    <property name="java.vm.specification.name" value="Java Virtual Machine Specification"/>
    <property name="user.dir" value="C:\Users\pablo\eclipse-workspace\Automation1"/>
    <property name="java.vm.compressedOopsMode" value="Zero based"/>
    <property name="java.runtime.version" value="13+33"/>
    <property name="os.arch" value="amd64"/>
    <property name="java.io.tmpdir" value="C:\Users\pablo\AppData\Local\Temp\"/>
    <property name="line.separator" value="
"/>
    <property name="java.vm.specification.vendor" value="Oracle Corporation"/>
    <property name="user.variant" value=""/>
    <property name="os.name" value="Windows 10"/>
    <property name="classworlds.conf" value="C:\Users\pablo\programacion\apache-maven-3.6.2\bin\..\bin\m2.conf"/>
    <property name="sun.jnu.encoding" value="Cp1252"/>
    <property name="java.library.path" value="C:\Users\pablo\java\jdk-13\bin;C:\Windows\Sun\Java\bin;C:\Windows\system32;C:\Windows;C:\Windows\system32;C:\Windows;C:\Windows\System32\Wbem;C:\Windows\System32\WindowsPowerShell\v1.0\;C:\Windows\System32\OpenSSH\;C:\Program Files\nodejs\;C:\xampp\php;C:\ProgramData\ComposerSetup\bin;C:\Program Files\Git\cmd;C:\Users\pablo\AppData\Local\Programs\Python\Python37-32\Scripts\;C:\Users\pablo\AppData\Local\Programs\Python\Python37-32\;C:\Users\pablo\AppData\Local\Microsoft\WindowsApps;C:\Users\pablo\AppData\Local\Programs\Microsoft VS Code\bin;C:\Users\pablo\AppData\Roaming\npm;C:\Program Files\JetBrains\PyCharm Community Edition 2019.2.3\bin;;C:\Users\pablo\AppData\Local\JetBrains\IntelliJ IDEA Community Edition 2019.2.3\bin;;C:\Users\pablo\programacion\apache-maven-3.6.2\bin;C:\Users\pablo\java\jdk-13;C:\Users\pablo\java\jdk-13\bin;C:\Program Files\heroku\bin;C:\Users\pablo\AppData\Roaming\Composer\vendor\bin;;."/>
    <property name="maven.conf" value="C:\Users\pablo\programacion\apache-maven-3.6.2\bin\../conf"/>
    <property name="jdk.debug" value="release"/>
    <property name="java.class.version" value="57.0"/>
    <property name="java.specification.name" value="Java Platform API Specification"/>
    <property name="sun.management.compiler" value="HotSpot 64-Bit Tiered Compilers"/>
    <property name="os.version" value="10.0"/>
    <property name="library.jansi.path" value="C:\Users\pablo\programacion\apache-maven-3.6.2\bin\..\lib\jansi-native"/>
    <property name="user.home" value="C:\Users\pablo"/>
    <property name="user.timezone" value="America/Buenos_Aires"/>
    <property name="file.encoding" value="Cp1252"/>
    <property name="java.specification.version" value="13"/>
    <property name="user.name" value="pablo"/>
    <property name="java.class.path" value="C:\Users\pablo\programacion\apache-maven-3.6.2\bin\..\boot\plexus-classworlds-2.6.0.jar"/>
    <property name="java.vm.specification.version" value="13"/>
    <property name="sun.arch.data.model" value="64"/>
    <property name="sun.java.command" value="org.codehaus.plexus.classworlds.launcher.Launcher test"/>
    <property name="java.home" value="C:\Users\pablo\java\jdk-13"/>
    <property name="user.language" value="es"/>
    <property name="java.specification.vendor" value="Oracle Corporation"/>
    <property name="java.vm.info" value="mixed mode, sharing"/>
    <property name="java.version" value="13"/>
    <property name="java.vendor" value="Oracle Corporation"/>
    <property name="sun.stderr.encoding" value="cp437"/>
    <property name="maven.home" value="C:\Users\pablo\programacion\apache-maven-3.6.2\bin\.."/>
    <property name="file.separator" value="\"/>
    <property name="java.version.date" value="2019-09-17"/>
    <property name="java.vendor.url.bug" value="https://bugreport.java.com/bugreport/"/>
    <property name="sun.io.unicode.encoding" value="UnicodeLittle"/>
    <property name="sun.cpu.endian" value="little"/>
    <property name="sun.stdout.encoding" value="cp437"/>
    <property name="sun.cpu.isalist" value="amd64"/>
  </properties>
  <testcase classname="testCases.SelectTest" name="searchByInStock" time="1.818">
    <failure message="expected [2] but found [1]" type="java.lang.AssertionError">java.lang.AssertionError: expected [2] but found [1]
	at org.testng.Assert.fail(Assert.java:97)
	at org.testng.Assert.assertEqualsImpl(Assert.java:136)
	at org.testng.Assert.assertEquals(Assert.java:118)
	at org.testng.Assert.assertEquals(Assert.java:839)
	at org.testng.Assert.assertEquals(Assert.java:849)
	at testCases.SelectTest.searchByInStock(SelectTest.java:21)
</failure>
    <system-out>Configuring TestNG with: org.apache.maven.surefire.testng.conf.TestNG652Configurator@21a06946
Windows 10
</system-out>
    <system-err>Starting ChromeDriver 80.0.3987.106 (f68069574609230cf9b635cd784cfb1bf81bb53a-refs/branch-heads/3987@{#882}) on port 29975
Only local connections are allowed.
Please protect ports used by ChromeDriver and related test frameworks to prevent access by malicious code.
mar. 06, 2020 2:20:01 P.Â M. org.openqa.selenium.remote.ProtocolHandshake createSession
INFO: Detected dialect: W3C
[1583515203.364][SEVERE]: Timed out receiving message from renderer: 0.100
[1583515203.466][SEVERE]: Timed out receiving message from renderer: 0.100
[1583515203.568][SEVERE]: Timed out receiving message from renderer: 0.100
[1583515203.669][SEVERE]: Timed out receiving message from renderer: 0.100
[1583515203.770][SEVERE]: Timed out receiving message from renderer: 0.100
[1583515203.872][SEVERE]: Timed out receiving message from renderer: 0.100
[1583515203.973][SEVERE]: Timed out receiving message from renderer: 0.100
[1583515204.074][SEVERE]: Timed out receiving message from renderer: 0.100
[1583515204.180][SEVERE]: Timed out receiving message from renderer: 0.100
[1583515204.282][SEVERE]: Timed out receiving message from renderer: 0.100
[1583515204.383][SEVERE]: Timed out receiving message from renderer: 0.100
[1583515204.484][SEVERE]: Timed out receiving message from renderer: 0.100
[1583515204.585][SEVERE]: Timed out receiving message from renderer: 0.100
[1583515204.687][SEVERE]: Timed out receiving message from renderer: 0.100
[1583515204.788][SEVERE]: Timed out receiving message from renderer: 0.100
[1583515204.935][SEVERE]: Timed out receiving message from renderer: 0.100
[1583515205.036][SEVERE]: Timed out receiving message from renderer: 0.100
[1583515205.139][SEVERE]: Timed out receiving message from renderer: 0.100
[1583515205.420][SEVERE]: Timed out receiving message from renderer: 0.100
[1583515205.696][SEVERE]: Timed out receiving message from renderer: 0.100
[1583515205.798][SEVERE]: Timed out receiving message from renderer: 0.100
[1583515205.902][SEVERE]: Timed out receiving message from renderer: 0.100
[1583515206.028][SEVERE]: Timed out receiving message from renderer: 0.100
[1583515207.349][SEVERE]: Timed out receiving message from renderer: 0.100
[1583515207.454][SEVERE]: Timed out receiving message from renderer: 0.100
[1583515207.556][SEVERE]: Timed out receiving message from renderer: 0.100
[1583515207.657][SEVERE]: Timed out receiving message from renderer: 0.100
[1583515207.759][SEVERE]: Timed out receiving message from renderer: 0.100
[1583515207.861][SEVERE]: Timed out receiving message from renderer: 0.100
</system-err>
  </testcase>
</testsuite>